<?xml version="1.0" encoding="UTF-8"?>
<!-- Generated by org.testng.reporters.JUnitReportReporter -->
<testsuite hostname="LAPTOP-8PV5OBQH" failures="0" tests="4" name="Tests.firsttext" time="120.103" errors="0" timestamp="2022-10-31T08:28:46 IST" skipped="0">
  <testcase classname="Tests.firsttext" name="first" time="30.754"/>
  <system-out/>
  <testcase classname="Tests.firsttext" name="first" time="31.084"/>
  <system-out/>
  <testcase classname="Tests.firsttext" name="first" time="23.384"/>
  <system-out/>
  <testcase classname="Tests.firsttext" name="first" time="34.881"/>
  <system-out/>
</testsuite> <!-- Tests.firsttext -->
